Copyright 1986-2015 Xilinx, Inc. All Rights Reserved.
------------------------------------------------------------------------------------
| Tool Version : Vivado v.2015.2 (lin64) Build 1266856 Fri Jun 26 16:35:25 MDT 2015
| Date         : Thu Jul  5 17:19:39 2018
| Host         : ilim-Lenovo-YOGA-700-14ISK running 64-bit Ubuntu 14.04.5 LTS
| Command      : report_drc
------------------------------------------------------------------------------------

Report DRC

Table of Contents
-----------------
1. REPORT SUMMARY
2. REPORT DETAILS

1. REPORT SUMMARY
-----------------
            Netlist: netlist
          Floorplan: design_1
      Design limits: <entire design considered>
           Ruledeck: default
             Max violations: <unlimited>
             Violations found: 11

2. REPORT DETAILS
-----------------
PLIO-7#1 Warning
Placement Constraints Check for IO constraints  
An IO Bus fixed_io_mio[53:0] with more than one IO standard is found. Components associated with this bus are:  fixed_io_mio[53] of IOStandard LVCMOS18; fixed_io_mio[52] of IOStandard LVCMOS18; fixed_io_mio[51] of IOStandard LVCMOS18; fixed_io_mio[50] of IOStandard LVCMOS18; fixed_io_mio[49] of IOStandard LVCMOS18; fixed_io_mio[48] of IOStandard LVCMOS18; fixed_io_mio[47] of IOStandard LVCMOS18; fixed_io_mio[46] of IOStandard LVCMOS18; fixed_io_mio[45] of IOStandard LVCMOS18; fixed_io_mio[44] of IOStandard LVCMOS18; fixed_io_mio[43] of IOStandard LVCMOS18; fixed_io_mio[42] of IOStandard LVCMOS18; fixed_io_mio[41] of IOStandard LVCMOS18; fixed_io_mio[40] of IOStandard LVCMOS18; fixed_io_mio[39] of IOStandard LVCMOS18; fixed_io_mio[38] of IOStandard LVCMOS18; fixed_io_mio[37] of IOStandard LVCMOS18; fixed_io_mio[36] of IOStandard LVCMOS18; fixed_io_mio[35] of IOStandard LVCMOS18; fixed_io_mio[34] of IOStandard LVCMOS18; fixed_io_mio[33] of IOStandard LVCMOS18; fixed_io_mio[32] of IOStandard LVCMOS18; fixed_io_mio[31] of IOStandard LVCMOS18; fixed_io_mio[30] of IOStandard LVCMOS18; fixed_io_mio[29] of IOStandard LVCMOS18; fixed_io_mio[28] of IOStandard LVCMOS18; fixed_io_mio[27] of IOStandard LVCMOS18; fixed_io_mio[26] of IOStandard LVCMOS18; fixed_io_mio[25] of IOStandard LVCMOS18; fixed_io_mio[24] of IOStandard LVCMOS18; fixed_io_mio[23] of IOStandard LVCMOS18; fixed_io_mio[22] of IOStandard LVCMOS18; fixed_io_mio[21] of IOStandard LVCMOS18; fixed_io_mio[20] of IOStandard LVCMOS18; fixed_io_mio[19] of IOStandard LVCMOS18; fixed_io_mio[18] of IOStandard LVCMOS18; fixed_io_mio[17] of IOStandard LVCMOS18; fixed_io_mio[16] of IOStandard LVCMOS18; fixed_io_mio[15] of IOStandard LVCMOS33; fixed_io_mio[14] of IOStandard LVCMOS33; fixed_io_mio[13] of IOStandard LVCMOS33; fixed_io_mio[12] of IOStandard LVCMOS33; fixed_io_mio[11] of IOStandard LVCMOS33; fixed_io_mio[10] of IOStandard LVCMOS33; fixed_io_mio[9] of IOStandard LVCMOS33; fixed_io_mio[8] of IOStandard LVCMOS33; fixed_io_mio[7] of IOStandard LVCMOS33; fixed_io_mio[6] of IOStandard LVCMOS33; fixed_io_mio[5] of IOStandard LVCMOS33; fixed_io_mio[4] of IOStandard LVCMOS33; fixed_io_mio[3] of IOStandard LVCMOS33; fixed_io_mio[2] of IOStandard LVCMOS33; fixed_io_mio[1] of IOStandard LVCMOS33; fixed_io_mio[0] of IOStandard LVCMOS33;
Related violations: <none>

REQP-125#1 Warning
connects_CLKINSEL_both_active  
i_system_wrapper/system_i/axi_hdmi_clkgen/inst/i_mmcm_drp/i_mmcm: The MMCME2_ADV has an active CLKINSEL, but the CLKIN1 and CLKIN2 pins are not both active.
Related violations: <none>

AVAL-4#1 Advisory
enum_USE_DPORT_FALSE_enum_DREG_ADREG_0_connects_CED_CEAD_RSTD_GND  
i_system_wrapper/system_i/axi_hdmi_core/inst/i_tx_core/i_csc_RGB2CrYCb/i_csc_1_Cb/i_mul_c1/i_mult_macro/dsp_v5_1.DSP48_V5_1: DSP48E1 is not using the D port (USE_DPORT = FALSE). For improved power characteristics, set DREG and ADREG to '1', tie CED, CEAD, and RSTD to logic '0'.
Related violations: <none>

AVAL-4#2 Advisory
enum_USE_DPORT_FALSE_enum_DREG_ADREG_0_connects_CED_CEAD_RSTD_GND  
i_system_wrapper/system_i/axi_hdmi_core/inst/i_tx_core/i_csc_RGB2CrYCb/i_csc_1_Cb/i_mul_c2/i_mult_macro/dsp_v5_1.DSP48_V5_1: DSP48E1 is not using the D port (USE_DPORT = FALSE). For improved power characteristics, set DREG and ADREG to '1', tie CED, CEAD, and RSTD to logic '0'.
Related violations: <none>

AVAL-4#3 Advisory
enum_USE_DPORT_FALSE_enum_DREG_ADREG_0_connects_CED_CEAD_RSTD_GND  
i_system_wrapper/system_i/axi_hdmi_core/inst/i_tx_core/i_csc_RGB2CrYCb/i_csc_1_Cb/i_mul_c3/i_mult_macro/dsp_v5_1.DSP48_V5_1: DSP48E1 is not using the D port (USE_DPORT = FALSE). For improved power characteristics, set DREG and ADREG to '1', tie CED, CEAD, and RSTD to logic '0'.
Related violations: <none>

AVAL-4#4 Advisory
enum_USE_DPORT_FALSE_enum_DREG_ADREG_0_connects_CED_CEAD_RSTD_GND  
i_system_wrapper/system_i/axi_hdmi_core/inst/i_tx_core/i_csc_RGB2CrYCb/i_csc_1_Cr/i_mul_c1/i_mult_macro/dsp_v5_1.DSP48_V5_1: DSP48E1 is not using the D port (USE_DPORT = FALSE). For improved power characteristics, set DREG and ADREG to '1', tie CED, CEAD, and RSTD to logic '0'.
Related violations: <none>

AVAL-4#5 Advisory
enum_USE_DPORT_FALSE_enum_DREG_ADREG_0_connects_CED_CEAD_RSTD_GND  
i_system_wrapper/system_i/axi_hdmi_core/inst/i_tx_core/i_csc_RGB2CrYCb/i_csc_1_Cr/i_mul_c2/i_mult_macro/dsp_v5_1.DSP48_V5_1: DSP48E1 is not using the D port (USE_DPORT = FALSE). For improved power characteristics, set DREG and ADREG to '1', tie CED, CEAD, and RSTD to logic '0'.
Related violations: <none>

AVAL-4#6 Advisory
enum_USE_DPORT_FALSE_enum_DREG_ADREG_0_connects_CED_CEAD_RSTD_GND  
i_system_wrapper/system_i/axi_hdmi_core/inst/i_tx_core/i_csc_RGB2CrYCb/i_csc_1_Cr/i_mul_c3/i_mult_macro/dsp_v5_1.DSP48_V5_1: DSP48E1 is not using the D port (USE_DPORT = FALSE). For improved power characteristics, set DREG and ADREG to '1', tie CED, CEAD, and RSTD to logic '0'.
Related violations: <none>

AVAL-4#7 Advisory
enum_USE_DPORT_FALSE_enum_DREG_ADREG_0_connects_CED_CEAD_RSTD_GND  
i_system_wrapper/system_i/axi_hdmi_core/inst/i_tx_core/i_csc_RGB2CrYCb/i_csc_1_Y/i_mul_c1/i_mult_macro/dsp_v5_1.DSP48_V5_1: DSP48E1 is not using the D port (USE_DPORT = FALSE). For improved power characteristics, set DREG and ADREG to '1', tie CED, CEAD, and RSTD to logic '0'.
Related violations: <none>

AVAL-4#8 Advisory
enum_USE_DPORT_FALSE_enum_DREG_ADREG_0_connects_CED_CEAD_RSTD_GND  
i_system_wrapper/system_i/axi_hdmi_core/inst/i_tx_core/i_csc_RGB2CrYCb/i_csc_1_Y/i_mul_c2/i_mult_macro/dsp_v5_1.DSP48_V5_1: DSP48E1 is not using the D port (USE_DPORT = FALSE). For improved power characteristics, set DREG and ADREG to '1', tie CED, CEAD, and RSTD to logic '0'.
Related violations: <none>

AVAL-4#9 Advisory
enum_USE_DPORT_FALSE_enum_DREG_ADREG_0_connects_CED_CEAD_RSTD_GND  
i_system_wrapper/system_i/axi_hdmi_core/inst/i_tx_core/i_csc_RGB2CrYCb/i_csc_1_Y/i_mul_c3/i_mult_macro/dsp_v5_1.DSP48_V5_1: DSP48E1 is not using the D port (USE_DPORT = FALSE). For improved power characteristics, set DREG and ADREG to '1', tie CED, CEAD, and RSTD to logic '0'.
Related violations: <none>


